FrontEnd/BSJ/firebase_storage-10.3.4/example/build/app/intermediates/manifest_merge_blame_file/debug/manifest-merger-blame-debug-report.txt
1<?xml version="1.0" encoding="utf-8"?>
2<manifest xmlns:android="http://schemas.android.com/apk/res/android"
3    package="io.flutter.plugins.firebasestorageexample"
4    android:versionCode="1"
5    android:versionName="1.0.0" >
6
7    <uses-sdk
8        android:minSdkVersion="16"
8-->src\main\AndroidManifest.xml
9        android:targetSdkVersion="28" />
9-->src\main\AndroidManifest.xml
10
11    <uses-permission android:name="android.permission.INTERNET" />
11-->src\main\AndroidManifest.xml:4:5-66
11-->src\main\AndroidManifest.xml:4:22-64
12    <uses-permission android:name="android.permission.READ_EXTERNAL_STORAGE" />
12-->src\main\AndroidManifest.xml:5:5-80
12-->src\main\AndroidManifest.xml:5:22-77
13    <uses-permission android:name="android.permission.WRITE_EXTERNAL_STORAGE" />
13-->src\main\AndroidManifest.xml:6:5-80
13-->src\main\AndroidManifest.xml:6:22-78
14    <!-- Although the *SdkVersion is captured in gradle build files, this is required for non gradle builds -->
15    <!-- <uses-sdk android:minSdkVersion="14"/> -->
16    <uses-permission android:name="android.permission.ACCESS_NETWORK_STATE" />
16-->[com.google.firebase:firebase-storage:20.0.1] AndroidManifest.xml:26:5-79
16-->[com.google.firebase:firebase-storage:20.0.1] AndroidManifest.xml:26:22-76
17
18    <application
18-->src\main\AndroidManifest.xml:8:5-24:19
19        android:appComponentFactory="androidx.core.app.CoreComponentFactory"
19-->[androidx.core:core:1.8.0] AndroidManifest.xml:24:18-86
20        android:debuggable="true"
21        android:icon="@mipmap/ic_launcher"
21-->src\main\AndroidManifest.xml:8:59-93
22        android:label="firebase_storage_example"
22-->src\main\AndroidManifest.xml:8:18-58
23        android:usesCleartextTraffic="true" >
23-->src\main\AndroidManifest.xml:8:94-129
24        <activity
24-->src\main\AndroidManifest.xml:9:9-22:20
25            android:name="io.flutter.embedding.android.FlutterActivity"
25-->src\main\AndroidManifest.xml:9:19-78
26            android:configChanges="orientation|keyboardHidden|keyboard|screenSize|locale|layoutDirection|fontScale"
26-->src\main\AndroidManifest.xml:11:11-114
27            android:hardwareAccelerated="true"
27-->src\main\AndroidManifest.xml:12:11-45
28            android:launchMode="singleTop"
28-->src\main\AndroidManifest.xml:13:11-41
29            android:theme="@android:style/Theme.Black.NoTitleBar"
29-->src\main\AndroidManifest.xml:10:11-64
30            android:windowSoftInputMode="adjustResize" >
30-->src\main\AndroidManifest.xml:14:11-53
31            <meta-data
31-->src\main\AndroidManifest.xml:15:11-17:36
32                android:name="io.flutter.app.android.SplashScreenUntilFirstFrame"
32-->src\main\AndroidManifest.xml:16:13-78
33                android:value="true" />
33-->src\main\AndroidManifest.xml:17:13-33
34
35            <intent-filter>
35-->src\main\AndroidManifest.xml:18:11-21:27
36                <action android:name="android.intent.action.MAIN" />
36-->src\main\AndroidManifest.xml:19:13-64
36-->src\main\AndroidManifest.xml:19:21-62
37
38                <category android:name="android.intent.category.LAUNCHER" />
38-->src\main\AndroidManifest.xml:20:13-72
38-->src\main\AndroidManifest.xml:20:23-70
39            </intent-filter>
40        </activity>
41
42        <meta-data
42-->src\main\AndroidManifest.xml:23:9-71
43            android:name="flutterEmbedding"
43-->src\main\AndroidManifest.xml:23:20-51
44            android:value="2" />
44-->src\main\AndroidManifest.xml:23:52-69
45
46        <service
46-->[:firebase_storage] AndroidManifest.xml:8:9-12:19
47            android:name="com.google.firebase.components.ComponentDiscoveryService"
47-->[:firebase_storage] AndroidManifest.xml:8:18-89
48            android:directBootAware="true"
48-->[com.google.firebase:firebase-common:20.1.1] AndroidManifest.xml:35:13-43
49            android:exported="false" >
49-->[com.google.firebase:firebase-storage:20.0.1] AndroidManifest.xml:32:13-37
50            <meta-data
50-->[:firebase_storage] AndroidManifest.xml:9:13-11:85
51                android:name="com.google.firebase.components:io.flutter.plugins.firebase.storage.FlutterFirebaseAppRegistrar"
51-->[:firebase_storage] AndroidManifest.xml:10:17-126
52                android:value="com.google.firebase.components.ComponentRegistrar" />
52-->[:firebase_storage] AndroidManifest.xml:11:17-82
53            <meta-data
53-->[:firebase_core] AndroidManifest.xml:9:13-11:85
54                android:name="com.google.firebase.components:io.flutter.plugins.firebase.core.FlutterFirebaseCoreRegistrar"
54-->[:firebase_core] AndroidManifest.xml:10:17-124
55                android:value="com.google.firebase.components.ComponentRegistrar" />
55-->[:firebase_core] AndroidManifest.xml:11:17-82
56            <meta-data
56-->[com.google.firebase:firebase-storage:20.0.1] AndroidManifest.xml:33:13-35:85
57                android:name="com.google.firebase.components:com.google.firebase.storage.StorageRegistrar"
57-->[com.google.firebase:firebase-storage:20.0.1] AndroidManifest.xml:34:17-107
58                android:value="com.google.firebase.components.ComponentRegistrar" />
58-->[com.google.firebase:firebase-storage:20.0.1] AndroidManifest.xml:35:17-82
59        </service>
60
61        <provider
61-->[:image_picker_android] AndroidManifest.xml:8:9-16:20
62            android:name="io.flutter.plugins.imagepicker.ImagePickerFileProvider"
62-->[:image_picker_android] AndroidManifest.xml:9:13-82
63            android:authorities="io.flutter.plugins.firebasestorageexample.flutter.image_provider"
63-->[:image_picker_android] AndroidManifest.xml:10:13-74
64            android:exported="false"
64-->[:image_picker_android] AndroidManifest.xml:11:13-37
65            android:grantUriPermissions="true" >
65-->[:image_picker_android] AndroidManifest.xml:12:13-47
66            <meta-data
66-->[:image_picker_android] AndroidManifest.xml:13:13-15:75
67                android:name="android.support.FILE_PROVIDER_PATHS"
67-->[:image_picker_android] AndroidManifest.xml:14:17-67
68                android:resource="@xml/flutter_image_picker_file_paths" />
68-->[:image_picker_android] AndroidManifest.xml:15:17-72
69        </provider>
70        <provider
70-->[com.google.firebase:firebase-common:20.1.1] AndroidManifest.xml:26:9-31:39
71            android:name="com.google.firebase.provider.FirebaseInitProvider"
71-->[com.google.firebase:firebase-common:20.1.1] AndroidManifest.xml:27:13-77
72            android:authorities="io.flutter.plugins.firebasestorageexample.firebaseinitprovider"
72-->[com.google.firebase:firebase-common:20.1.1] AndroidManifest.xml:28:13-72
73            android:directBootAware="true"
73-->[com.google.firebase:firebase-common:20.1.1] AndroidManifest.xml:29:13-43
74            android:exported="false"
74-->[com.google.firebase:firebase-common:20.1.1] AndroidManifest.xml:30:13-37
75            android:initOrder="100" />
75-->[com.google.firebase:firebase-common:20.1.1] AndroidManifest.xml:31:13-36
76
77        <activity
77-->[com.google.android.gms:play-services-base:18.0.1] AndroidManifest.xml:20:9-22:45
78            android:name="com.google.android.gms.common.api.GoogleApiActivity"
78-->[com.google.android.gms:play-services-base:18.0.1] AndroidManifest.xml:20:19-85
79            android:exported="false"
79-->[com.google.android.gms:play-services-base:18.0.1] AndroidManifest.xml:22:19-43
80            android:theme="@android:style/Theme.Translucent.NoTitleBar" />
80-->[com.google.android.gms:play-services-base:18.0.1] AndroidManifest.xml:21:19-78
81
82        <meta-data
82-->[com.google.android.gms:play-services-basement:18.0.0] AndroidManifest.xml:21:9-23:69
83            android:name="com.google.android.gms.version"
83-->[com.google.android.gms:play-services-basement:18.0.0] AndroidManifest.xml:22:13-58
84            android:value="@integer/google_play_services_version" />
84-->[com.google.android.gms:play-services-basement:18.0.0] AndroidManifest.xml:23:13-66
85
86        <uses-library
86-->[androidx.window:window:1.0.0-beta04] AndroidManifest.xml:25:9-27:40
87            android:name="androidx.window.extensions"
87-->[androidx.window:window:1.0.0-beta04] AndroidManifest.xml:26:13-54
88            android:required="false" />
88-->[androidx.window:window:1.0.0-beta04] AndroidManifest.xml:27:13-37
89        <uses-library
89-->[androidx.window:window:1.0.0-beta04] AndroidManifest.xml:28:9-30:40
90            android:name="androidx.window.sidecar"
90-->[androidx.window:window:1.0.0-beta04] AndroidManifest.xml:29:13-51
91            android:required="false" />
91-->[androidx.window:window:1.0.0-beta04] AndroidManifest.xml:30:13-37
92    </application>
93
94</manifest>